<?xml version="1.0" encoding="UTF-8"?>
<!-- Generated by org.testng.reporters.JUnitXMLReporter -->
<testsuite ignored="0" hostname="DESKTOP-9U06SS2" failures="0" tests="7" name="my tests" time="15.014" errors="0" timestamp="2025-08-03T10:34:58 IST">
  <testcase classname="day42.OrangeHRMTest" name="openapp" time="7.664"/>
  <testcase classname="day42.OrangeHRMTest" name="testLogo" time="5.107"/>
  <testcase classname="day42.OrangeHRMTest" name="testLogin" time="1.545"/>
  <testcase classname="day42.OrangeHRMTest" name="closeApp" time="0.517"/>
  <testcase classname="day42.FirstTestCase" name="openapp" time="0.005"/>
  <testcase classname="day42.FirstTestCase" name="login" time="0.006"/>
  <testcase classname="day42.FirstTestCase" name="logout" time="0.003"/>
</testsuite> <!-- my tests -->
