<?xml version="1.0" encoding="UTF-8"?>
<!-- Generated by org.testng.reporters.JUnitXMLReporter -->
<testsuite ignored="0" hostname="DESKTOP-9U06SS2" failures="0" tests="3" name="chrometest" time="31.624" errors="0" timestamp="2025-09-01T17:06:59 IST">
  <testcase classname="dataprovider.paramtstdemo" name="logo" time="0.102"/>
  <testcase classname="dataprovider.paramtstdemo" name="gettitle" time="0.02"/>
  <testcase classname="dataprovider.paramtstdemo" name="url" time="0.022"/>
</testsuite> <!-- chrometest -->
