<?xml version="1.0" encoding="UTF-8"?>
<!-- Generated by org.testng.reporters.JUnitXMLReporter -->
<testsuite ignored="0" hostname="DESKTOP-9U06SS2" failures="1" tests="3" name="day46.ExtentReportManager" time="15.128" errors="0" timestamp="2025-08-19T13:26:38 IST">
  <testcase classname="day46.OrangeHRM" name="testLogo" time="0.088"/>
  <testcase classname="day46.OrangeHRM" name="testAppUrl" time="0.022">
    <failure type="java.lang.AssertionError" message="expected [https://opensource-demo.orangehrmlive.com/] but found [https://opensource-demo.orangehrmlive.com/web/index.php/auth/login]">
      <![CDATA[java.lang.AssertionError: expected [https://opensource-demo.orangehrmlive.com/] but found [https://opensource-demo.orangehrmlive.com/web/index.php/auth/login]
at day46.OrangeHRM.testAppUrl(OrangeHRM.java:41)
at java.base/java.util.ArrayList.forEach(ArrayList.java:1596)
... Removed 31 stack frames]]>
    </failure>
  </testcase> <!-- testAppUrl -->
  <testcase classname="day46.OrangeHRM" name="testHomePageTitle" time="0.0">
    <skipped/>
  </testcase> <!-- testHomePageTitle -->
</testsuite> <!-- day46.ExtentReportManager -->
