<?xml version="1.0" encoding="UTF-8"?>
<!-- Generated by org.testng.reporters.JUnitXMLReporter -->
<testsuite ignored="0" hostname="DESKTOP-9U06SS2" failures="1" tests="3" name="Test" time="25.321" errors="0" timestamp="2025-09-02T10:33:36 IST">
  <testcase classname="extent.Testcases" name="logo" time="0.081"/>
  <testcase classname="extent.Testcases" name="testurl" time="0.028">
    <failure type="java.lang.AssertionError" message="expected [https://opensource-demo.orangehrmlive.com/web/index.php] but found [https://opensource-demo.orangehrmlive.com/web/index.php/auth/login]">
      <![CDATA[java.lang.AssertionError: expected [https://opensource-demo.orangehrmlive.com/web/index.php] but found [https://opensource-demo.orangehrmlive.com/web/index.php/auth/login]
at extent.Testcases.testurl(Testcases.java:36)
at java.base/java.util.ArrayList.forEach(ArrayList.java:1596)
... Removed 31 stack frames]]>
    </failure>
  </testcase> <!-- testurl -->
  <testcase classname="extent.Testcases" name="testtitle" time="0.0">
    <skipped/>
  </testcase> <!-- testtitle -->
</testsuite> <!-- Test -->
