<?xml version="1.0" encoding="UTF-8"?>
<!-- Generated by org.testng.reporters.JUnitReportReporter -->
<testsuite hostname="DESKTOP-9U06SS2" failures="0" tests="3" name="dependency.logintest" time="0.022" errors="0" timestamp="2025-09-01T10:34:18 IST" skipped="0">
  <testcase classname="dependency.logintest" name="loginthroughemail" time="0.016"/>
  <testcase classname="dependency.logintest" name="loginthroughfacebook" time="0.002"/>
  <testcase classname="dependency.logintest" name="loginthroughtwitter" time="0.004"/>
</testsuite> <!-- dependency.logintest -->
