<?xml version="1.0" encoding="UTF-8"?>
<!-- Generated by org.testng.reporters.JUnitReportReporter -->
<testsuite hostname="DESKTOP-9U06SS2" failures="0" tests="3" name="day44.LoginTests" time="0.014" errors="0" timestamp="2025-08-05T08:55:30 IST" skipped="0">
  <testcase classname="day44.LoginTests" name="loginThroughEmail" time="0.010"/>
  <testcase classname="day44.LoginTests" name="loginThroughFacebook" time="0.001"/>
  <testcase classname="day44.LoginTests" name="loginThroughTwitter" time="0.003"/>
</testsuite> <!-- day44.LoginTests -->
