<?xml version="1.0" encoding="UTF-8"?>
<!-- Generated by org.testng.reporters.JUnitReportReporter -->
<testsuite hostname="DESKTOP-9U06SS2" failures="0" tests="3" name="dependency.signuptest" time="0.021" errors="0" timestamp="2025-09-01T10:34:40 IST" skipped="0">
  <testcase classname="dependency.signuptest" name="signupemail" time="0.013"/>
  <testcase classname="dependency.signuptest" name="signupfacebook" time="0.003"/>
  <testcase classname="dependency.signuptest" name="signuptwitter" time="0.005"/>
</testsuite> <!-- dependency.signuptest -->
