<?xml version="1.0" encoding="UTF-8"?>
<!-- Generated by org.testng.reporters.JUnitReportReporter -->
<testsuite hostname="DESKTOP-9U06SS2" failures="0" tests="3" name="day42.FirstTestCase" time="0.014" errors="0" timestamp="2025-08-03T10:34:59 IST" skipped="0">
  <testcase classname="day42.FirstTestCase" name="openapp" time="0.005"/>
  <testcase classname="day42.FirstTestCase" name="login" time="0.006"/>
  <testcase classname="day42.FirstTestCase" name="logout" time="0.003"/>
</testsuite> <!-- day42.FirstTestCase -->
