<?xml version="1.0" encoding="UTF-8"?>
<!-- Generated by org.testng.reporters.JUnitReportReporter -->
<testsuite hostname="DESKTOP-9U06SS2" failures="0" tests="4" name="day42.OrangeHRMTest" time="14.833" errors="0" timestamp="2025-08-03T10:34:59 IST" skipped="0">
  <testcase classname="day42.OrangeHRMTest" name="openapp" time="7.664"/>
  <testcase classname="day42.OrangeHRMTest" name="testLogo" time="5.107"/>
  <testcase classname="day42.OrangeHRMTest" name="testLogin" time="1.545"/>
  <testcase classname="day42.OrangeHRMTest" name="closeApp" time="0.517"/>
</testsuite> <!-- day42.OrangeHRMTest -->
