<?xml version="1.0" encoding="UTF-8"?>
<!-- Generated by org.testng.reporters.JUnitReportReporter -->
<testsuite hostname="DESKTOP-9U06SS2" failures="0" tests="3" name="day44.SignupTests" time="0.033" errors="0" timestamp="2025-08-05T08:56:39 IST" skipped="0">
  <testcase classname="day44.SignupTests" name="SignupbyEmail" time="0.023"/>
  <testcase classname="day44.SignupTests" name="SignupbyFacebook" time="0.006"/>
  <testcase classname="day44.SignupTests" name="SignupbyTwitter" time="0.004"/>
</testsuite> <!-- day44.SignupTests -->
