<?xml version="1.0" encoding="UTF-8"?>
<!-- Generated by org.testng.reporters.JUnitReportReporter -->
<testsuite hostname="DESKTOP-9U06SS2" failures="0" tests="4" name="practice.Testngdemo2" time="10.642" errors="0" timestamp="2025-08-31T17:19:41 IST" skipped="0">
  <testcase classname="practice.Testngdemo2" name="openapp" time="9.008"/>
  <testcase classname="practice.Testngdemo2" name="checklogo" time="0.604"/>
  <testcase classname="practice.Testngdemo2" name="login" time="0.490"/>
  <testcase classname="practice.Testngdemo2" name="logout" time="0.540"/>
</testsuite> <!-- practice.Testngdemo2 -->
