<?xml version="1.0" encoding="UTF-8"?>
<!-- Generated by org.testng.reporters.JUnitReportReporter -->
<testsuite hostname="DESKTOP-9U06SS2" failures="0" tests="3" name="practice.Testngdemo" time="0.024" errors="0" timestamp="2025-08-31T16:58:24 IST" skipped="0">
  <testcase classname="practice.Testngdemo" name="openapp" time="0.017"/>
  <testcase classname="practice.Testngdemo" name="login" time="0.005"/>
  <testcase classname="practice.Testngdemo" name="logout" time="0.002"/>
</testsuite> <!-- practice.Testngdemo -->
