<?xml version="1.0" encoding="UTF-8"?>
<!-- Generated by org.testng.reporters.JUnitXMLReporter -->
<testsuite ignored="6" hostname="DESKTOP-9U06SS2" failures="0" tests="2" name="groupingtests" time="0.128" errors="0" timestamp="2025-08-05T08:58:03 IST">
  <testcase classname="day44.PaymentTests" name="paymentinrupees" time="0.024"/>
  <testcase classname="day44.PaymentTests" name="paymentindollars" time="0.003"/>
  <testcase classname="day44.LoginTests" name="loginThroughEmail" time="0.0">
    <ignored/>
  </testcase> <!-- loginThroughEmail -->
  <testcase classname="day44.LoginTests" name="loginThroughTwitter" time="0.0">
    <ignored/>
  </testcase> <!-- loginThroughTwitter -->
  <testcase classname="day44.SignupTests" name="SignupbyFacebook" time="0.0">
    <ignored/>
  </testcase> <!-- SignupbyFacebook -->
  <testcase classname="day44.LoginTests" name="loginThroughFacebook" time="0.0">
    <ignored/>
  </testcase> <!-- loginThroughFacebook -->
  <testcase classname="day44.SignupTests" name="SignupbyEmail" time="0.0">
    <ignored/>
  </testcase> <!-- SignupbyEmail -->
  <testcase classname="day44.SignupTests" name="SignupbyTwitter" time="0.0">
    <ignored/>
  </testcase> <!-- SignupbyTwitter -->
</testsuite> <!-- groupingtests -->
